MPASM  5.50                          CODE.ASM   1-7-2022  17:02:37         PAGE  1


LOC  OBJECT CODE     LINE SOURCE TEXT
  VALUE

                      00001 ;;;;;;;;;;;;;;;;;;;;;;;;;;;;;;;;;;;;;;;;;;;;;;;;
                      00002 ;       07/01/2022
                      00003 ;       Project: Fun Binary Counter
                      00004 ;    Momin Abdelhafez   - 1181893
                      00005 ;        Ghaydaa Khateeb    - 1180681
                      00006 ;                  
                      00007 ;;;;;;;;;;;;;;;;;;;;;;;;;;;;;;;;;;;;;;;;;;;;;;;;
                      00008 
                      00009 ;======================< Processer Configuration >================;
Warning[205]: Found directive in column 1. (PROCESSOR)
                      00010 PROCESSOR 16F877A       ; PROCESSER
Warning[205]: Found directive in column 1. (__CONFIG)
2007   3731           00011 __CONFIG 0X3731         ; THIS IS IMPORTANT FOR THE CRYSTAL OSSCILATOR
                      00012 ;=================================================================;
                      00013 
                      00014 ;=====================< Label and variables ======================;
Warning[205]: Found directive in column 1. (INCLUDE)
                      00015 INCLUDE "P16F877A.INC"
                      00001         LIST
                      00002 
                      00003 ;==========================================================================
                      00004 ;  MPASM PIC16F877A processor include
                      00005 ; 
                      00006 ;  (c) Copyright 1999-2013 Microchip Technology, All rights reserved
                      00007 ;==========================================================================
                      00008 
                      00566         LIST
  00000020            00016 CURRENT_PERIOD      EQU 20H                             ; REGISTER FOR STORING CURRENT PERIO D
  00000021            00017 STEP_SIZE           EQU 21H                             ; STEP SIZE , 1 2 3 4 5 1 2 3 4 5 .. ETC
  00000022            00018 NUMBER_STEPS        EQU 22H                             ; NUMBER OF TMR1 INTERRUPT OCCURENCES
  00000023            00019 TEMP                EQU 23H                             ; TEMP VARIABLE
  00000024            00020 THRESHOLD_STEP      EQU 24H                             ; TO COMPARE IT WITH 5
  00000025            00021 THRESHOLD_DELAY     EQU 25H             ; TO COMPARE IT WITH 5
                      00022 ;=================================================================;
                      00023 
                      00024                         
                      00025                         ORG 000                                                         ; BANK0 SELECTIO
                            N       
0000   2???           00026                         GOTO INIT                                                       ; MAKE PROPER IN
                            ITIALIZATION
                      00027                         
                      00028                         ;================================< INTERRUPT SERVICE ROUTINE <ISR> >============
                            =================================;
                      00029                         ORG 004                                                         ; SELECT BANK 4 
                            WHICH REPRESENT THE ISR WHICH STORES THE INTERRUPTS ROUTINES
                      00030                 
0004   1283 1303      00031                         BANKSEL PORTA                                           ; SELECT BANK 0 WITH THE
                             USE OF PORTA
                      00032                         
0006   3000           00033                         MOVLW D'0'                                                      ; STORING 0 IN T
                            HE ACCUMULATOR
0007   008B           00034                         MOVWF INTCON                                            ; STORE IT IN THE INTCON
                             -> TURNING OFF ALL TYPES OF INTERRUPTS
MPASM  5.50                          CODE.ASM   1-7-2022  17:02:37         PAGE  2


LOC  OBJECT CODE     LINE SOURCE TEXT
  VALUE

                      00035                         
0008   180C           00036                         BTFSC PIR1, TMR1IF                                      ; CHECK IF TMR1 OVERFLOW
                             INTERRUPT OCCURED
0009   2???           00037                         GOTO TMR1_INTERRUPT                                             
                      00038                         
000A   1283 1303      00039                         BANKSEL PORTB                                           ; SELECT BANK0  
Message[305]: Using default destination of 1 (file).
000C   0886           00040                         MOVF PORTB                                                      ; READING THE CO
                            NTENT OF PORTB 
                      00041                         
                      00042                         ; -------- HERE WE WILL ARE GING TO CHECK WHICH INTERRUPT NEEDS TO BE SERVED
000D   1E06           00043                         BTFSS PORTB, 4                                          ; BUTTON WHICH USED TO I
                            NCREMENT STEP OF COUNTING IS CONNECTED TO RB4
000E   2???           00044                         GOTO  INC_COUNTING_STEP                         ; IF BUTTON 1 WAS CLICKED, THE S
                            TEP WILL INCREMENT STEP
000F   1E86           00045                         BTFSS PORTB, 5                                          ; BUTTON WHICH USED TO I
                            NC DELAY IS CONNECTED TO RB5
0010   2???           00046                         GOTO    INC_DELAY                                   ; IF BUTTON 2 WAS CLICKED, I
                            NCREMENT DELAY
                      00047                                 
                      00048                 
Warning[207]: Found label after column 1. (END_INTERRUPT)
0011                  00049                         END_INTERRUPT           
0011   1283 1303      00050                                         BANKSEL PORTB                           ; SELECTION BANK WHICH P
                            ORTB STANDS
0013   0186           00051                                         CLRF PORTB                                      ; CLEAR PORTB
0014   30C8           00052                                         MOVLW B'11001000'                       ; TURN ON INTERRUPTS AGA
                            IN, GIE, TMR1 , RB4-7 INTERRUPTS
0015   008B           00053                                         MOVWF INTCON
0016   0009           00054                         RETFIE                                                          ; RETURN BACK FR
                            OM THE ISR 
                      00055                         ;================================< ENDING INTERRUPT SERVICE ROUTINE <ISR> >=====
                            ========================================;
                      00056                         
                      00057                 ;================================< INITIALIZTION AND STARTING OF THE MAIN PROGRAM >=====
                            ================================;
Warning[207]: Found label after column 1. (INIT)
0017                  00058                         INIT                                                    ; IN THIS INIT WE ARE GO
                            NG TO INITIALIZE THE INTCON REGISTER
0017   1283 1303      00059                         BANKSEL PORTA                                   ; FIRST WE SELECT BANK 0
0019   30C8           00060                         MOVLW B'11001000'                               ; THIS MEANS THAT WE ARE GOING T
                            O ENABLE GIE(GLOBAL), AND TMR1(PEREPHERAL) AS WELL AS RB4-7
001A   008B           00061                         MOVWF INTCON                    ; STORING THE VALUE IN THE INTCON REGISTER
                      00062                         
001B   1410           00063                         BSF T1CON, TMR1ON                               ; ENABLE TMR1 IN TIMER MODE
                      00064                         
                      00065                         ; AS TMR1 WITH PRESCALING IS POSSIBLE TO GIVE US ONLY 0.5 SECONDS FOR INTERRUPTI
                            ON
                      00066                         ; WE NEED TO MAKE IT TWISE TO ACHIEVE 1 SECOND
                      00067                         ; INTERRUPT EACH 0.5 SECOND ----> f = 2MHz
                      00068                         ; COUNTER = 65536 - 1MHz / (8 * 2) = (3036)D = (BDC)H
                      00069                         ; 8 IS THR PRESCALER OF OUR COUNTER
                      00070                         ; IT'S IMPOSSIBLE TO STORE 3036 IN ONE REGISTER SO WE DIVIDE IT INTO LOW AND HIG
MPASM  5.50                          CODE.ASM   1-7-2022  17:02:37         PAGE  3


LOC  OBJECT CODE     LINE SOURCE TEXT
  VALUE

                            H
001C   30DC           00071                         MOVLW H'DC'
001D   008E           00072                         MOVWF TMR1L
001E   300B           00073                         MOVLW H'0B'
001F   008F           00074                         MOVWF TMR1H
                      00075                         
0020   1690           00076                         BSF T1CON, T1CKPS1                              ; SETTING THE PRESCALER TO 8
0021   1610           00077                         BSF T1CON, T1CKPS0                              ;
                      00078                         
0022   1683 1303      00079                         BANKSEL ADCON1                                  ; SELECT BANK 1
0024   3006           00080                         MOVLW H'6'                                              ; SETTING PORTA AS DIGIT
                            AL
Message[302]: Register in operand not in bank 0.  Ensure that bank bits are correct.
0025   009F           00081                         MOVWF ADCON1                                    ; SET PORTA AS DIGITAL
0026   3000           00082                         MOVLW D'0'                                              ; SETTING PORTA AS DIGIT
                            AL OUTPUT
Message[302]: Register in operand not in bank 0.  Ensure that bank bits are correct.
0027   0085           00083                         MOVWF TRISA                                     ; SET PORTA PINS AS OUTPUT
                      00084                         
0028   1683 1303      00085                         BANKSEL PIE1                                    ; SELECT BANK WHERE PIE1 STANDS 
                                                    
Message[302]: Register in operand not in bank 0.  Ensure that bank bits are correct.
002A   140C           00086                         BSF PIE1 , TMR1IE                               ; ENABLE TMR1 OVERFLOW INTERRUPT
                      00087                         
002B   3000           00088                         MOVLW B'00000000'                               ; SET PORTD AS OUTPUT
Message[302]: Register in operand not in bank 0.  Ensure that bank bits are correct.
002C   0088           00089                         MOVWF TRISD
                      00090                         
002D   0186           00091                         CLRF PORTB                                              ; CLEAR PORTB WHERE OUR 
                            BUTTONS ARE
002E   1683 1303      00092                         BANKSEL TRISB                                   ; BUT WE ARE GOING TO SET RB4 & 
                            RB5 AS INPUT
0030   3030           00093                         MOVLW B'00110000'                               ; SELECTING RB4 & RB5 AS INPUTS
Message[302]: Register in operand not in bank 0.  Ensure that bank bits are correct.
0031   0086           00094                         MOVWF TRISB
                      00095                         
0032   1283 1303      00096                         BANKSEL PORTD                                   ; INITIALIZE PORTD WHERE THE OUT
                            PUT OF OUR COUNTER TAKE PLACE WITH ZEROS
0034   0088           00097                         MOVWF PORTD
0035   0188           00098                         CLRF  PORTD
                      00099                         
0036   1283 1303      00100                         BANKSEL PORTB                                   ; INTIALIZATION OF STEP_SIZE AND
                             CURRENT DELAY
0038   3005           00101                         MOVLW D'5'                                              ; SOTRE 5 IN THE ACCUMUL
                            ATOR
0039   00A4           00102                         MOVWF THRESHOLD_STEP                    ; STORE 5 IN THE STEP THRESHOLD
003A   00A5           00103                         MOVWF THRESHOLD_DELAY                   ; STORE 5 IN THE DELAY THRESHOLD
003B   3001           00104                         MOVLW D'1'                                              ; STORE 1 IN THE ACCUMUL
                            ATOR
003C   00A1           00105                         MOVWF STEP_SIZE                                 ; STEP          = 1
003D   00A0           00106                         MOVWF CURRENT_PERIOD                    ; PERIOD        = 1
                      00107                         
                      00108                         
MPASM  5.50                          CODE.ASM   1-7-2022  17:02:37         PAGE  4


LOC  OBJECT CODE     LINE SOURCE TEXT
  VALUE

003E   3000           00109                         MOVLW H'00'                                             ; INITIALIZE THE NUMBER 
                            OF COUNTS FOR TMR1 INTERRUPT
003F   00A2           00110                         MOVWF NUMBER_STEPS                              ; STORE THE VALUE IN NUMBER_STEP
                            S GENERAL REGISTER
                      00111                 
                      00112         
Warning[207]: Found label after column 1. (LOOP)
0040   0000           00113                         LOOP            NOP                                     ; THIS IS OUR RUNNING LO
                            OP TO KEEP THE PROGRAM RUNNING
0041   0000           00114                                                 NOP                                     ; NO OPERATION 
0042   2???           00115                                                 GOTO LOOP                       ; GOING BACL TO LOOP TO 
                            INF
                      00116                                                 
                      00117                         ;================================< END INITIALIZTION AND STARTING OF THE MAIN PR
                            OGRAM >==================================;
                      00118 
                      00119 
Warning[207]: Found label after column 1. (INC_COUNTING_STEP)
0043                  00120                         INC_COUNTING_STEP                                                       ; INCREM
                            ENT STEP WHICH RELATED TO RB4 INTERRUPT, THIS ROUTINE TAKE PLACE ONCE 
                      00121                                                                                                         
                                    ; BUTTON 1 IS CLICKED
0043   1283 1303      00122                                                 BANKSEL PORTA                                   ; SELECT
                             BANK WHERE PORTA STANDS
Message[305]: Using default destination of 1 (file).
0045   0AA1           00123                                                 INCF    STEP_SIZE                       ; ADD 1 TO STEP_
                            SIZE
Message[305]: Using default destination of 1 (file).
0046   0BA4           00124                                                 DECFSZ  THRESHOLD_STEP                  ; CHECK IF THE T
                            HRESHOLD REACH 0
0047   2???           00125                                                 GOTO    END_INTERRUPT           ; IF NOT 0 RETURN
0048   2???           00126                                                 GOTO    RETURN_BACK                             ; IF 0 R
                            EINTIALIZE THE STEP                             
Warning[207]: Found label after column 1. (RETURN_BACK)
0049   3001           00127                                                 RETURN_BACK MOVLW H'01'                 ; STORE 1 IN THE
                             STEP_SIZE
004A   00A1           00128                                                                         MOVWF STEP_SIZE 
004B   3005           00129                                                                         MOVLW D'5'                      
                            ; STORE 5 IN THE THRESHOLD STEP
004C   00A4           00130                                                                         MOVWF THRESHOLD_STEP    
004D   2???           00131                                                                         GOTO END_INTERRUPT
                      00132            ;============================================================================================
                            ===============================
                      00133                 
Warning[207]: Found label after column 1. (INC_DELAY)
004E                  00134                         INC_DELAY                                                                       
                            ; INCREMENT DELAY STEP WHICH RELATED TO RB5
004E   1283 1303      00135                                                 BANKSEL PORTA
Message[305]: Using default destination of 1 (file).
0050   0AA0           00136                                                 INCF    CURRENT_PERIOD                  ; ADD 1 TO CURRE
                            NT DELAY PERIOD
Message[305]: Using default destination of 1 (file).
0051   0BA5           00137                                                 DECFSZ  THRESHOLD_DELAY         ; CHECK IF THRESHOLD DEL
MPASM  5.50                          CODE.ASM   1-7-2022  17:02:37         PAGE  5


LOC  OBJECT CODE     LINE SOURCE TEXT
  VALUE

                            AY REACH 0
0052   2???           00138                                                 GOTO    END_INTERRUPT           ; IF NOT 0 RETURN
0053   2???           00139                                                 GOTO    RETURN_BACK1                    ; IF 0 REINITALI
                            ZE THE CURRENT DELAY
                      00140                                                 
Warning[207]: Found label after column 1. (RETURN_BACK1)
0054   3001           00141                                                 RETURN_BACK1 MOVLW H'01'        
0055   00A0           00142                                                                          MOVWF CURRENT_PERIOD    
0056   3005           00143                                                                          MOVLW D'5'
0057   00A5           00144                                                                          MOVWF THRESHOLD_DELAY
0058   2???           00145                                                                          GOTO END_INTERRUPT
                      00146                                                                          
                      00147                   ;=====================================================================================
                            ======================================
Warning[207]: Found label after column 1. (TMR1_INTERRUPT)
0059                  00148                         TMR1_INTERRUPT  
0059   1283 1303      00149                                                         BANKSEL PIR1                            ; CLEAR 
                            TMR1 OVERFLOW INTERRUPT FLAG
005B   100C           00150                                                         BCF PIR1, TMR1IF
                      00151                                                 
005C   30DC           00152                                                         MOVLW H'DC'                                     
                            ; RESET THE COUNT AND PRESCALER
005D   008E           00153                                                         MOVWF TMR1L                                     
                            ; BY STORING THE VALUE
005E   300B           00154                                                         MOVLW H'0B'                                     
                            ; COUNTER = 65536 - 1MHz / (8 * 2) = (3036)D = (BDC)H
005F   008F           00155                                                         MOVWF TMR1H
                      00156                                                                                 
0060   1690           00157                                                         BSF T1CON, T1CKPS1                      ; SET PR
                            ESCALER TO 8
0061   1610           00158                                                         BSF T1CON, T1CKPS0
                      00159                                                         
Message[305]: Using default destination of 1 (file).
0062   0AA2           00160                                                         INCF NUMBER_STEPS                       ; INCREM
                            ENT THE COUNTS
                      00161                                                         
                      00162                                                         ; NOW WE ARE GOING TO CHECK IF THE PERIOD IS REA
                            CHED
                      00163                                                         ; FIRST WE DIVIDE COUNTS BY 2
0063   0822           00164                                                         MOVF NUMBER_STEPS, W            ; STORING STEPS 
                            COUNT IN THE ACCUMULATER
0064   00A3           00165                                                         MOVWF TEMP                              ; TEMP <
                            - COUNTS
0065   0CA3           00166                                                         RRF TEMP, F                             ; TEMP <
                            - TEMP / 2
0066   13A3           00167                                                         BCF TEMP, 7
                      00168                                                         ; THIS IS THE WAY THAT WE USED TO COMPARE TO VAL
                            UES
0067   0820           00169                                                         MOVF CURRENT_PERIOD, W      ;STORING CURRENT PER
                            IOD IN THE ACCUMULATOR, THEN WESUBTRACT TEMP FROM PERIOD
0068   02A3           00170                                                         SUBWF TEMP, F                           ; TEMP <
                            - TEMP - PERIOD
0069   1D03           00171                                                         BTFSS STATUS, Z                         ; CHECK 
MPASM  5.50                          CODE.ASM   1-7-2022  17:02:37         PAGE  6


LOC  OBJECT CODE     LINE SOURCE TEXT
  VALUE

                            ZERO FLAG
006A   2???           00172                                                         GOTO CHECK_CFLAG                        ; IF Z =
                             0, THEN WE CHECK IF TEMP > PERIOD
006B   2???           00173                                                         GOTO CONT_INTERRUPT                     ; IF Z =
                             1, THEN TEMP = PERIOD, WE INCREMENT PORTD
                      00174                                                 
Warning[207]: Found label after column 1. (CHECK_CFLAG)
006C   1C03           00175                                                         CHECK_CFLAG BTFSS STATUS, C     ; IF THE CARRY C
                             = 1, THEN TEMP > PERIOD
006D   2???           00176                                                                                 GOTO END_INTERRUPT
                      00177                                                 
Warning[207]: Found label after column 1. (CONT_INTERRUPT)
006E                  00178                                                         CONT_INTERRUPT  
006E   01A2           00179                                                                                 CLRF NUMBER_STEPS; RESET
                             COUNTS
                      00180                                                                                                         
                                    
006F   0821           00181                                                         MOVF STEP_SIZE, W       ; STORE STEP_SIZE IN THE
                             ACCUMULATER W <- STEP
0070   0788           00182                                                         ADDWF PORTD, F          ; ADD THE STEP SIZE TO P
                            ORTD, PORTD <- PORTD + STEP
                      00183                         
                      00184                                                                                                 ; CHECK 
                            IF PORTD REACH 32
0071   1A88           00185                                                         BTFSC PORTD, 5          ; CHECK BIT #5 IF EQUAL 
                            1
0072   2???           00186                                                         GOTO RESET_COUNT        ; RESET PORTD COUNT IF R
                            D5 = 1
                      00187                                                         
0073   1B08           00188                                                         BTFSC PORTD, 6          ; CHECK BIT #6 IF EQUAL 
                            1
0074   2???           00189                                                         GOTO RESET_COUNT        ; RESET PORTD COUNT IF R
                            D6 = 1
                      00190                                                         
0075   1B88           00191                                                         BTFSC PORTD, 7          ; CHECK BIT #7 IF EQUAL 
                            1
0076   2???           00192                                                         GOTO RESET_COUNT        ; RESET PORTD COUNT IF R
                            D7 = 1
                      00193                                                         
0077   2???           00194                                                         GOTO END_INTERRUPT
                      00195                                                         
Warning[207]: Found label after column 1. (RESET_COUNT)
0078                  00196                                                         RESET_COUNT                             ; RESET 
                            PORTD COUNT
0078   3000           00197                                                                                 MOVLW H'00' 
0079   0088           00198                                                                                 MOVWF PORTD
007A   2???           00199                                                                                 GOTO END_INTERRUPT
                      00200                                                                         
3731                  00201         END
MPASM  5.50                          CODE.ASM   1-7-2022  17:02:37         PAGE  7


SYMBOL TABLE
  LABEL                             VALUE 

ACKDT                             00000005
ACKEN                             00000004
ACKSTAT                           00000006
ADCON0                            0000001F
ADCON1                            0000009F
ADCS0                             00000006
ADCS1                             00000007
ADCS2                             00000006
ADDEN                             00000003
ADFM                              00000007
ADIE                              00000006
ADIF                              00000006
ADON                              00000000
ADRESH                            0000001E
ADRESL                            0000009E
BCLIE                             00000003
BCLIF                             00000003
BF                                00000000
BRGH                              00000002
C                                 00000000
C1INV                             00000004
C1OUT                             00000006
C2INV                             00000005
C2OUT                             00000007
CCP1CON                           00000017
CCP1IE                            00000002
CCP1IF                            00000002
CCP1M0                            00000000
CCP1M1                            00000001
CCP1M2                            00000002
CCP1M3                            00000003
CCP1X                             00000005
CCP1Y                             00000004
CCP2CON                           0000001D
CCP2IE                            00000000
CCP2IF                            00000000
CCP2M0                            00000000
CCP2M1                            00000001
CCP2M2                            00000002
CCP2M3                            00000003
CCP2X                             00000005
CCP2Y                             00000004
CCPR1                             00000015
CCPR1H                            00000016
CCPR1L                            00000015
CCPR2                             0000001B
CCPR2H                            0000001C
CCPR2L                            0000001B
CHECK_CFLAG                       0000006C
CHS0                              00000003
CHS1                              00000004
CHS2                              00000005
CIS                               00000003
MPASM  5.50                          CODE.ASM   1-7-2022  17:02:37         PAGE  8


SYMBOL TABLE
  LABEL                             VALUE 

CKE                               00000006
CKP                               00000004
CM0                               00000000
CM1                               00000001
CM2                               00000002
CMCON                             0000009C
CMIE                              00000006
CMIF                              00000006
CONT_INTERRUPT                    0000006E
CREN                              00000004
CSRC                              00000007
CURRENT_PERIOD                    00000020
CVR0                              00000000
CVR1                              00000001
CVR2                              00000002
CVR3                              00000003
CVRCON                            0000009D
CVREN                             00000007
CVROE                             00000006
CVRR                              00000005
D                                 00000005
DATA_ADDRESS                      00000005
DC                                00000001
D_A                               00000005
D_NOT_A                           00000005
EEADR                             0000010D
EEADRH                            0000010F
EECON1                            0000018C
EECON2                            0000018D
EEDATA                            0000010C
EEDATH                            0000010E
EEIE                              00000004
EEIF                              00000004
EEPGD                             00000007
END_INTERRUPT                     00000011
F                                 00000001
FERR                              00000002
FSR                               00000004
GCEN                              00000007
GIE                               00000007
GO                                00000002
GO_DONE                           00000002
GO_NOT_DONE                       00000002
I2C_DATA                          00000005
I2C_READ                          00000002
I2C_START                         00000003
I2C_STOP                          00000004
IBF                               00000007
IBOV                              00000005
INC_COUNTING_STEP                 00000043
INC_DELAY                         0000004E
INDF                              00000000
INIT                              00000017
MPASM  5.50                          CODE.ASM   1-7-2022  17:02:37         PAGE  9


SYMBOL TABLE
  LABEL                             VALUE 

INTCON                            0000000B
INTE                              00000004
INTEDG                            00000006
INTF                              00000001
IRP                               00000007
LOOP                              00000040
NOT_A                             00000005
NOT_ADDRESS                       00000005
NOT_BO                            00000000
NOT_BOR                           00000000
NOT_DONE                          00000002
NOT_PD                            00000003
NOT_POR                           00000001
NOT_RBPU                          00000007
NOT_RC8                           00000006
NOT_T1SYNC                        00000002
NOT_TO                            00000004
NOT_TX8                           00000006
NOT_W                             00000002
NOT_WRITE                         00000002
NUMBER_STEPS                      00000022
OBF                               00000006
OERR                              00000001
OPTION_REG                        00000081
P                                 00000004
PCFG0                             00000000
PCFG1                             00000001
PCFG2                             00000002
PCFG3                             00000003
PCL                               00000002
PCLATH                            0000000A
PCON                              0000008E
PEIE                              00000006
PEN                               00000002
PIE1                              0000008C
PIE2                              0000008D
PIR1                              0000000C
PIR2                              0000000D
PORTA                             00000005
PORTB                             00000006
PORTC                             00000007
PORTD                             00000008
PORTE                             00000009
PR2                               00000092
PS0                               00000000
PS1                               00000001
PS2                               00000002
PSA                               00000003
PSPIE                             00000007
PSPIF                             00000007
PSPMODE                           00000004
R                                 00000002
RA0                               00000000
MPASM  5.50                          CODE.ASM   1-7-2022  17:02:37         PAGE 10


SYMBOL TABLE
  LABEL                             VALUE 

RA1                               00000001
RA2                               00000002
RA3                               00000003
RA4                               00000004
RA5                               00000005
RB0                               00000000
RB1                               00000001
RB2                               00000002
RB3                               00000003
RB4                               00000004
RB5                               00000005
RB6                               00000006
RB7                               00000007
RBIE                              00000003
RBIF                              00000000
RC0                               00000000
RC1                               00000001
RC2                               00000002
RC3                               00000003
RC4                               00000004
RC5                               00000005
RC6                               00000006
RC7                               00000007
RC8_9                             00000006
RC9                               00000006
RCD8                              00000000
RCEN                              00000003
RCIE                              00000005
RCIF                              00000005
RCREG                             0000001A
RCSTA                             00000018
RD                                00000000
RD0                               00000000
RD1                               00000001
RD2                               00000002
RD3                               00000003
RD4                               00000004
RD5                               00000005
RD6                               00000006
RD7                               00000007
RE0                               00000000
RE1                               00000001
RE2                               00000002
READ_WRITE                        00000002
RESET_COUNT                       00000078
RETURN_BACK                       00000049
RETURN_BACK1                      00000054
RP0                               00000005
RP1                               00000006
RSEN                              00000001
RX9                               00000006
RX9D                              00000000
R_NOT_W                           00000002
MPASM  5.50                          CODE.ASM   1-7-2022  17:02:37         PAGE 11


SYMBOL TABLE
  LABEL                             VALUE 

R_W                               00000002
S                                 00000003
SEN                               00000000
SMP                               00000007
SPBRG                             00000099
SPEN                              00000007
SREN                              00000005
SSPADD                            00000093
SSPBUF                            00000013
SSPCON                            00000014
SSPCON2                           00000091
SSPEN                             00000005
SSPIE                             00000003
SSPIF                             00000003
SSPM0                             00000000
SSPM1                             00000001
SSPM2                             00000002
SSPM3                             00000003
SSPOV                             00000006
SSPSTAT                           00000094
STATUS                            00000003
STEP_SIZE                         00000021
SYNC                              00000004
T0CS                              00000005
T0IE                              00000005
T0IF                              00000002
T0SE                              00000004
T1CKPS0                           00000004
T1CKPS1                           00000005
T1CON                             00000010
T1INSYNC                          00000002
T1OSCEN                           00000003
T1SYNC                            00000002
T2CKPS0                           00000000
T2CKPS1                           00000001
T2CON                             00000012
TEMP                              00000023
THRESHOLD_DELAY                   00000025
THRESHOLD_STEP                    00000024
TMR0                              00000001
TMR0IE                            00000005
TMR0IF                            00000002
TMR1                              0000000E
TMR1CS                            00000001
TMR1H                             0000000F
TMR1IE                            00000000
TMR1IF                            00000000
TMR1L                             0000000E
TMR1ON                            00000000
TMR1_INTERRUPT                    00000059
TMR2                              00000011
TMR2IE                            00000001
TMR2IF                            00000001
MPASM  5.50                          CODE.ASM   1-7-2022  17:02:37         PAGE 12


SYMBOL TABLE
  LABEL                             VALUE 

TMR2ON                            00000002
TOUTPS0                           00000003
TOUTPS1                           00000004
TOUTPS2                           00000005
TOUTPS3                           00000006
TRISA                             00000085
TRISA0                            00000000
TRISA1                            00000001
TRISA2                            00000002
TRISA3                            00000003
TRISA4                            00000004
TRISA5                            00000005
TRISB                             00000086
TRISB0                            00000000
TRISB1                            00000001
TRISB2                            00000002
TRISB3                            00000003
TRISB4                            00000004
TRISB5                            00000005
TRISB6                            00000006
TRISB7                            00000007
TRISC                             00000087
TRISC0                            00000000
TRISC1                            00000001
TRISC2                            00000002
TRISC3                            00000003
TRISC4                            00000004
TRISC5                            00000005
TRISC6                            00000006
TRISC7                            00000007
TRISD                             00000088
TRISD0                            00000000
TRISD1                            00000001
TRISD2                            00000002
TRISD3                            00000003
TRISD4                            00000004
TRISD5                            00000005
TRISD6                            00000006
TRISD7                            00000007
TRISE                             00000089
TRISE0                            00000000
TRISE1                            00000001
TRISE2                            00000002
TRMT                              00000001
TX8_9                             00000006
TX9                               00000006
TX9D                              00000000
TXD8                              00000000
TXEN                              00000005
TXIE                              00000004
TXIF                              00000004
TXREG                             00000019
TXSTA                             00000098
MPASM  5.50                          CODE.ASM   1-7-2022  17:02:37         PAGE 13


SYMBOL TABLE
  LABEL                             VALUE 

UA                                00000001
W                                 00000000
WCOL                              00000007
WR                                00000001
WREN                              00000002
WRERR                             00000003
Z                                 00000002
_BODEN_OFF                        00003FBF
_BODEN_ON                         00003FFF
_BOREN_OFF                        00003FBF
_BOREN_ON                         00003FFF
_CONFIG                           00002007
_CPD_OFF                          00003FFF
_CPD_ON                           00003EFF
_CP_ALL                           00001FFF
_CP_OFF                           00003FFF
_CP_ON                            00001FFF
_DEBUG_OFF                        00003FFF
_DEBUG_ON                         000037FF
_DEVID1                           00002006
_FOSC_EXTRC                       00003FFF
_FOSC_HS                          00003FFE
_FOSC_LP                          00003FFC
_FOSC_XT                          00003FFD
_HS_OSC                           00003FFE
_IDLOC0                           00002000
_IDLOC1                           00002001
_IDLOC2                           00002002
_IDLOC3                           00002003
_LP_OSC                           00003FFC
_LVP_OFF                          00003F7F
_LVP_ON                           00003FFF
_PWRTE_OFF                        00003FFF
_PWRTE_ON                         00003FF7
_RC_OSC                           00003FFF
_WDTE_OFF                         00003FFB
_WDTE_ON                          00003FFF
_WDT_OFF                          00003FFB
_WDT_ON                           00003FFF
_WRT_1FOURTH                      00003BFF
_WRT_256                          00003DFF
_WRT_HALF                         000039FF
_WRT_OFF                          00003FFF
_XT_OSC                           00003FFD
__16F877A                         00000001
__DEBUG                           1

Errors   :     0
Warnings :    14 reported,     0 suppressed
Messages :    11 reported,     0 suppressed

