Warning[205] C:\USERS\THINK\DESKTOP\DESKTOP\4TH_YEAR\FIRST_SEMESTER\REALTIME\PROJECT4\CODE.ASM 10 : Found directive in column 1. (PROCESSOR)
Warning[205] C:\USERS\THINK\DESKTOP\DESKTOP\4TH_YEAR\FIRST_SEMESTER\REALTIME\PROJECT4\CODE.ASM 11 : Found directive in column 1. (__CONFIG)
Warning[205] C:\USERS\THINK\DESKTOP\DESKTOP\4TH_YEAR\FIRST_SEMESTER\REALTIME\PROJECT4\CODE.ASM 15 : Found directive in column 1. (INCLUDE)
Message[305] C:\USERS\THINK\DESKTOP\DESKTOP\4TH_YEAR\FIRST_SEMESTER\REALTIME\PROJECT4\CODE.ASM 40 : Using default destination of 1 (file).
Warning[207] C:\USERS\THINK\DESKTOP\DESKTOP\4TH_YEAR\FIRST_SEMESTER\REALTIME\PROJECT4\CODE.ASM 49 : Found label after column 1. (END_INTERRUPT)
Warning[207] C:\USERS\THINK\DESKTOP\DESKTOP\4TH_YEAR\FIRST_SEMESTER\REALTIME\PROJECT4\CODE.ASM 58 : Found label after column 1. (INIT)
Message[302] C:\USERS\THINK\DESKTOP\DESKTOP\4TH_YEAR\FIRST_SEMESTER\REALTIME\PROJECT4\CODE.ASM 81 : Register in operand not in bank 0.  Ensure that bank bits are correct.
Message[302] C:\USERS\THINK\DESKTOP\DESKTOP\4TH_YEAR\FIRST_SEMESTER\REALTIME\PROJECT4\CODE.ASM 83 : Register in operand not in bank 0.  Ensure that bank bits are correct.
Message[302] C:\USERS\THINK\DESKTOP\DESKTOP\4TH_YEAR\FIRST_SEMESTER\REALTIME\PROJECT4\CODE.ASM 86 : Register in operand not in bank 0.  Ensure that bank bits are correct.
Message[302] C:\USERS\THINK\DESKTOP\DESKTOP\4TH_YEAR\FIRST_SEMESTER\REALTIME\PROJECT4\CODE.ASM 89 : Register in operand not in bank 0.  Ensure that bank bits are correct.
Message[302] C:\USERS\THINK\DESKTOP\DESKTOP\4TH_YEAR\FIRST_SEMESTER\REALTIME\PROJECT4\CODE.ASM 94 : Register in operand not in bank 0.  Ensure that bank bits are correct.
Warning[207] C:\USERS\THINK\DESKTOP\DESKTOP\4TH_YEAR\FIRST_SEMESTER\REALTIME\PROJECT4\CODE.ASM 113 : Found label after column 1. (LOOP)
Warning[207] C:\USERS\THINK\DESKTOP\DESKTOP\4TH_YEAR\FIRST_SEMESTER\REALTIME\PROJECT4\CODE.ASM 120 : Found label after column 1. (INC_COUNTING_STEP)
Message[305] C:\USERS\THINK\DESKTOP\DESKTOP\4TH_YEAR\FIRST_SEMESTER\REALTIME\PROJECT4\CODE.ASM 123 : Using default destination of 1 (file).
Message[305] C:\USERS\THINK\DESKTOP\DESKTOP\4TH_YEAR\FIRST_SEMESTER\REALTIME\PROJECT4\CODE.ASM 124 : Using default destination of 1 (file).
Warning[207] C:\USERS\THINK\DESKTOP\DESKTOP\4TH_YEAR\FIRST_SEMESTER\REALTIME\PROJECT4\CODE.ASM 127 : Found label after column 1. (RETURN_BACK)
Warning[207] C:\USERS\THINK\DESKTOP\DESKTOP\4TH_YEAR\FIRST_SEMESTER\REALTIME\PROJECT4\CODE.ASM 134 : Found label after column 1. (INC_DELAY)
Message[305] C:\USERS\THINK\DESKTOP\DESKTOP\4TH_YEAR\FIRST_SEMESTER\REALTIME\PROJECT4\CODE.ASM 136 : Using default destination of 1 (file).
Message[305] C:\USERS\THINK\DESKTOP\DESKTOP\4TH_YEAR\FIRST_SEMESTER\REALTIME\PROJECT4\CODE.ASM 137 : Using default destination of 1 (file).
Warning[207] C:\USERS\THINK\DESKTOP\DESKTOP\4TH_YEAR\FIRST_SEMESTER\REALTIME\PROJECT4\CODE.ASM 141 : Found label after column 1. (RETURN_BACK1)
Warning[207] C:\USERS\THINK\DESKTOP\DESKTOP\4TH_YEAR\FIRST_SEMESTER\REALTIME\PROJECT4\CODE.ASM 148 : Found label after column 1. (TMR1_INTERRUPT)
Message[305] C:\USERS\THINK\DESKTOP\DESKTOP\4TH_YEAR\FIRST_SEMESTER\REALTIME\PROJECT4\CODE.ASM 160 : Using default destination of 1 (file).
Warning[207] C:\USERS\THINK\DESKTOP\DESKTOP\4TH_YEAR\FIRST_SEMESTER\REALTIME\PROJECT4\CODE.ASM 175 : Found label after column 1. (CHECK_CFLAG)
Warning[207] C:\USERS\THINK\DESKTOP\DESKTOP\4TH_YEAR\FIRST_SEMESTER\REALTIME\PROJECT4\CODE.ASM 178 : Found label after column 1. (CONT_INTERRUPT)
Warning[207] C:\USERS\THINK\DESKTOP\DESKTOP\4TH_YEAR\FIRST_SEMESTER\REALTIME\PROJECT4\CODE.ASM 196 : Found label after column 1. (RESET_COUNT)
